c:\programming\proiect\cclient\trunk\medicalcareapplication\medicalcareapplication\debug\vc140.pdb
c:\programming\proiect\cclient\trunk\medicalcareapplication\medicalcareapplication\debug\moc_adminwindow.obj
c:\programming\proiect\cclient\trunk\medicalcareapplication\medicalcareapplication\debug\moc_addpatient.obj
c:\programming\proiect\cclient\trunk\medicalcareapplication\medicalcareapplication\debug\moc_addexam.obj
c:\programming\proiect\cclient\trunk\medicalcareapplication\medicalcareapplication\debug\moc_adddoctor.obj
c:\programming\proiect\cclient\trunk\medicalcareapplication\medicalcareapplication\debug\examinfowindow.obj
c:\programming\proiect\cclient\trunk\medicalcareapplication\medicalcareapplication\debug\editpersonaldatawindow.obj
c:\programming\proiect\cclient\trunk\medicalcareapplication\medicalcareapplication\debug\editpatientwindow.obj
c:\programming\proiect\cclient\trunk\medicalcareapplication\medicalcareapplication\debug\editdoctor.obj
c:\programming\proiect\cclient\trunk\medicalcareapplication\medicalcareapplication\debug\doctorwindow.obj
c:\programming\proiect\cclient\trunk\medicalcareapplication\medicalcareapplication\debug\doctorfunctions.obj
c:\programming\proiect\cclient\trunk\medicalcareapplication\medicalcareapplication\debug\doctor.obj
c:\programming\proiect\cclient\trunk\medicalcareapplication\medicalcareapplication\debug\dbconnection.obj
c:\programming\proiect\cclient\trunk\medicalcareapplication\medicalcareapplication\debug\datavalidation.obj
c:\programming\proiect\cclient\trunk\medicalcareapplication\medicalcareapplication\debug\calculatevalueforbitalino.obj
c:\programming\proiect\cclient\trunk\medicalcareapplication\medicalcareapplication\debug\bitalino.obj
c:\programming\proiect\cclient\trunk\medicalcareapplication\medicalcareapplication\debug\adminwindow.obj
c:\programming\proiect\cclient\trunk\medicalcareapplication\medicalcareapplication\debug\adminfunctions.obj
c:\programming\proiect\cclient\trunk\medicalcareapplication\medicalcareapplication\debug\addpatient.obj
c:\programming\proiect\cclient\trunk\medicalcareapplication\medicalcareapplication\debug\addexam.obj
c:\programming\proiect\cclient\trunk\medicalcareapplication\medicalcareapplication\debug\adddoctor.obj
c:\programming\proiect\cclient\trunk\medicalcareapplication\medicalcareapplication\debug\user.obj
c:\programming\proiect\cclient\trunk\medicalcareapplication\medicalcareapplication\debug\transferpatientwindow.obj
c:\programming\proiect\cclient\trunk\medicalcareapplication\medicalcareapplication\debug\qcustomplot.obj
c:\programming\proiect\cclient\trunk\medicalcareapplication\medicalcareapplication\debug\person.obj
c:\programming\proiect\cclient\trunk\medicalcareapplication\medicalcareapplication\debug\patientwindow.obj
c:\programming\proiect\cclient\trunk\medicalcareapplication\medicalcareapplication\debug\patientfunctions.obj
c:\programming\proiect\cclient\trunk\medicalcareapplication\medicalcareapplication\debug\patient.obj
c:\programming\proiect\cclient\trunk\medicalcareapplication\medicalcareapplication\debug\medicalhistorywindow.obj
c:\programming\proiect\cclient\trunk\medicalcareapplication\medicalcareapplication\debug\medicalcareapplication.obj
c:\programming\proiect\cclient\trunk\medicalcareapplication\medicalcareapplication\debug\main.obj
c:\programming\proiect\cclient\trunk\medicalcareapplication\medicalcareapplication\debug\moc_transferpatientwindow.obj
c:\programming\proiect\cclient\trunk\medicalcareapplication\medicalcareapplication\debug\moc_qcustomplot.obj
c:\programming\proiect\cclient\trunk\medicalcareapplication\medicalcareapplication\debug\moc_patientwindow.obj
c:\programming\proiect\cclient\trunk\medicalcareapplication\medicalcareapplication\debug\moc_medicalhistorywindow.obj
c:\programming\proiect\cclient\trunk\medicalcareapplication\medicalcareapplication\debug\moc_medicalcareapplication.obj
c:\programming\proiect\cclient\trunk\medicalcareapplication\medicalcareapplication\debug\moc_examinfowindow.obj
c:\programming\proiect\cclient\trunk\medicalcareapplication\medicalcareapplication\debug\moc_editpersonaldatawindow.obj
c:\programming\proiect\cclient\trunk\medicalcareapplication\medicalcareapplication\debug\moc_editpatientwindow.obj
c:\programming\proiect\cclient\trunk\medicalcareapplication\medicalcareapplication\debug\moc_editdoctor.obj
c:\programming\proiect\cclient\trunk\medicalcareapplication\medicalcareapplication\debug\moc_doctorwindow.obj
c:\programming\proiect\cclient\trunk\medicalcareapplication\medicalcareapplication\generatedfiles\debug\moc_adddoctor.cpp
c:\programming\proiect\cclient\trunk\medicalcareapplication\medicalcareapplication\generatedfiles\debug\moc_transferpatientwindow.cpp
c:\programming\proiect\cclient\trunk\medicalcareapplication\medicalcareapplication\generatedfiles\debug\moc_qcustomplot.cpp
c:\programming\proiect\cclient\trunk\medicalcareapplication\medicalcareapplication\generatedfiles\debug\moc_medicalhistorywindow.cpp
c:\programming\proiect\cclient\trunk\medicalcareapplication\medicalcareapplication\generatedfiles\debug\moc_examinfowindow.cpp
c:\programming\proiect\cclient\trunk\medicalcareapplication\medicalcareapplication\generatedfiles\debug\moc_editpersonaldatawindow.cpp
c:\programming\proiect\cclient\trunk\medicalcareapplication\medicalcareapplication\generatedfiles\debug\moc_editpatientwindow.cpp
c:\programming\proiect\cclient\trunk\medicalcareapplication\medicalcareapplication\generatedfiles\debug\moc_doctorwindow.cpp
c:\programming\proiect\cclient\trunk\medicalcareapplication\medicalcareapplication\generatedfiles\debug\moc_adminwindow.cpp
c:\programming\proiect\cclient\trunk\medicalcareapplication\medicalcareapplication\generatedfiles\debug\moc_addpatient.cpp
c:\programming\proiect\cclient\trunk\medicalcareapplication\medicalcareapplication\generatedfiles\debug\moc_addexam.cpp
c:\programming\proiect\cclient\trunk\medicalcareapplication\medicalcareapplication\generatedfiles\ui_editpatientwindow.h
c:\programming\proiect\cclient\trunk\medicalcareapplication\medicalcareapplication\generatedfiles\debug\moc_patientwindow.cpp
c:\programming\proiect\cclient\trunk\medicalcareapplication\medicalcareapplication\generatedfiles\debug\moc_medicalcareapplication.cpp
c:\programming\proiect\cclient\trunk\medicalcareapplication\medicalcareapplication\generatedfiles\ui_adddoctor.h
c:\programming\proiect\cclient\trunk\medicalcareapplication\medicalcareapplication\generatedfiles\ui_addexam.h
c:\programming\proiect\cclient\trunk\medicalcareapplication\medicalcareapplication\generatedfiles\ui_addpatient.h
c:\programming\proiect\cclient\trunk\medicalcareapplication\medicalcareapplication\generatedfiles\ui_editpersonaldatawindow.h
c:\programming\proiect\cclient\trunk\medicalcareapplication\medicalcareapplication\generatedfiles\ui_examinfowindow.h
c:\programming\proiect\cclient\trunk\medicalcareapplication\medicalcareapplication\generatedfiles\ui_medicalcareapplication.h
c:\programming\proiect\cclient\trunk\medicalcareapplication\medicalcareapplication\generatedfiles\ui_medicalhistorywindow.h
c:\programming\proiect\cclient\trunk\medicalcareapplication\medicalcareapplication\generatedfiles\ui_transferpatientwindow.h
c:\programming\proiect\cclient\trunk\medicalcareapplication\medicalcareapplication\generatedfiles\ui_adminwindow.h
c:\programming\proiect\cclient\trunk\medicalcareapplication\medicalcareapplication\generatedfiles\ui_doctorwindow.h
c:\programming\proiect\cclient\trunk\medicalcareapplication\medicalcareapplication\generatedfiles\ui_patientwindow.h
c:\programming\proiect\cclient\trunk\medicalcareapplication\win32\debug\medicalcareapplication.ilk
c:\programming\proiect\cclient\trunk\medicalcareapplication\win32\debug\medicalcareapplication.exe
c:\programming\proiect\cclient\trunk\medicalcareapplication\win32\debug\medicalcareapplication.pdb
c:\programming\proiect\cclient\trunk\medicalcareapplication\medicalcareapplication\debug\medicalc.b12702ad.tlog\cl.command.1.tlog
c:\programming\proiect\cclient\trunk\medicalcareapplication\medicalcareapplication\debug\medicalc.b12702ad.tlog\cl.read.1.tlog
c:\programming\proiect\cclient\trunk\medicalcareapplication\medicalcareapplication\debug\medicalc.b12702ad.tlog\cl.write.1.tlog
c:\programming\proiect\cclient\trunk\medicalcareapplication\medicalcareapplication\debug\medicalc.b12702ad.tlog\custombuild.command.1.tlog
c:\programming\proiect\cclient\trunk\medicalcareapplication\medicalcareapplication\debug\medicalc.b12702ad.tlog\custombuild.read.1.tlog
c:\programming\proiect\cclient\trunk\medicalcareapplication\medicalcareapplication\debug\medicalc.b12702ad.tlog\custombuild.write.1.tlog
c:\programming\proiect\cclient\trunk\medicalcareapplication\medicalcareapplication\debug\medicalc.b12702ad.tlog\link.command.1.tlog
c:\programming\proiect\cclient\trunk\medicalcareapplication\medicalcareapplication\debug\medicalc.b12702ad.tlog\link.read.1.tlog
c:\programming\proiect\cclient\trunk\medicalcareapplication\medicalcareapplication\debug\medicalc.b12702ad.tlog\link.write.1.tlog
