  Moc'ing AddDoctor.h...
  Uic'ing AddDoctor.ui...
  Moc'ing TransferPatientWindow.h...
  Moc'ing qcustomplot.h...
  Moc'ing PatientWindow.h...
  Moc'ing MedicalHistoryWindow.h...
  Moc'ing medicalcareapplication.h...
  Moc'ing ExamInfoWindow.h...
  Moc'ing EditPersonalDataWindow.h...
  Moc'ing EditPatientWindow.h...
  Moc'ing DoctorWindow.h...
  Moc'ing AdminWindow.h...
  Moc'ing AddPatient.hpp...
  Moc'ing AddExam.h...
  Uic'ing AddExam.ui...
  Uic'ing AddPatient.ui...
  Uic'ing AdminWindow.ui...
  Uic'ing DoctorWindow.ui...
  Uic'ing EditPatientWindow.ui...
  Uic'ing EditPersonalDataWindow.ui...
  Uic'ing ExamInfoWindow.ui...
  Uic'ing medicalcareapplication.ui...
  Uic'ing MedicalHistoryWindow.ui...
  Uic'ing PatientWindow.ui...
  Uic'ing TransferPatientWindow.ui...
  AddDoctor.cpp
  AddExam.cpp
  AddPatient.cpp
  AdminFunctions.cpp
  AdminWindow.cpp
  bitalino.cpp
  calculateValueForBitalino.cpp
  DataValidation.cpp
  DbConnection.cpp
  Doctor.cpp
  doctorFunctions.cpp
  DoctorWindow.cpp
  EditPatientWindow.cpp
  EditPersonalDataWindow.cpp
  ExamInfoWindow.cpp
  moc_AddDoctor.cpp
  moc_AddExam.cpp
  moc_AddPatient.cpp
  moc_AdminWindow.cpp
  moc_DoctorWindow.cpp
  Generating Code...
c:\programming\proiect\cclient\trunk\medicalcareapplication\medicalcareapplication\calculatevalueforbitalino.cpp(33): warning C4715: 'calculateValueForBitalino::calculateValue': not all control paths return a value
  Compiling...
  moc_EditPatientWindow.cpp
  moc_EditPersonalDataWindow.cpp
  moc_ExamInfoWindow.cpp
  moc_medicalcareapplication.cpp
  moc_MedicalHistoryWindow.cpp
  moc_PatientWindow.cpp
  moc_qcustomplot.cpp
  moc_TransferPatientWindow.cpp
  main.cpp
  medicalcareapplication.cpp
  MedicalHistoryWindow.cpp
  Patient.cpp
  PatientFunctions.cpp
  PatientWindow.cpp
  Person.cpp
  qcustomplot.cpp
  TransferPatientWindow.cpp
  User.cpp
  Generating Code...
  MedicalCareApplication.vcxproj -> C:\Programming\Proiect\CClient\trunk\MedicalCareApplication\Win32\Debug\MedicalCareApplication.exe
  MedicalCareApplication.vcxproj -> C:\Programming\Proiect\CClient\trunk\MedicalCareApplication\Win32\Debug\MedicalCareApplication.pdb (Full PDB)
